<?xml version="1.0" encoding="UTF-8"?>
<testng-results ignored="0" total="1" passed="1" failed="0" skipped="0">
  <reporter-output>
  </reporter-output>
  <suite started-at="2021-12-09T15:32:14 IST" name="Default suite" finished-at="2021-12-09T15:32:14 IST" duration-ms="35">
    <groups>
    </groups>
    <test started-at="2021-12-09T15:32:14 IST" name="Default test" finished-at="2021-12-09T15:32:14 IST" duration-ms="35">
      <class name="com.crm.github.practice.Demo1">
        <test-method signature="demo1()[pri:0, instance:com.crm.github.practice.Demo1@68567e20]" started-at="2021-12-09T15:32:14 IST" name="demo1" finished-at="2021-12-09T15:32:14 IST" duration-ms="6" status="PASS">
          <reporter-output>
          </reporter-output>
        </test-method> <!-- demo1 -->
      </class> <!-- com.crm.github.practice.Demo1 -->
    </test> <!-- Default test -->
  </suite> <!-- Default suite -->
</testng-results>
